Determining if the pthread_create exist failed with the following output:
Change Dir: /home/doutorado/gzuav-0.2/CMakeFiles/CMakeTmp

Run Build Command:"/usr/bin/make" "cmTC_ecfb8/fast"
/usr/bin/make -f CMakeFiles/cmTC_ecfb8.dir/build.make CMakeFiles/cmTC_ecfb8.dir/build
make[1]: Entering directory '/home/doutorado/gzuav-0.2/CMakeFiles/CMakeTmp'
Building C object CMakeFiles/cmTC_ecfb8.dir/CheckSymbolExists.c.o
/usr/bin/cc    -o CMakeFiles/cmTC_ecfb8.dir/CheckSymbolExists.c.o   -c /home/doutorado/gzuav-0.2/CMakeFiles/CMakeTmp/CheckSymbolExists.c
Linking C executable cmTC_ecfb8
/usr/local/bin/cmake -E cmake_link_script CMakeFiles/cmTC_ecfb8.dir/link.txt --verbose=1
/usr/bin/cc      CMakeFiles/cmTC_ecfb8.dir/CheckSymbolExists.c.o  -o cmTC_ecfb8 
CMakeFiles/cmTC_ecfb8.dir/CheckSymbolExists.c.o: Na função "main":
CheckSymbolExists.c:(.text+0x1b): referência não definida para "pthread_create"
collect2: error: ld returned 1 exit status
CMakeFiles/cmTC_ecfb8.dir/build.make:86: recipe for target 'cmTC_ecfb8' failed
make[1]: *** [cmTC_ecfb8] Error 1
make[1]: Leaving directory '/home/doutorado/gzuav-0.2/CMakeFiles/CMakeTmp'
Makefile:121: recipe for target 'cmTC_ecfb8/fast' failed
make: *** [cmTC_ecfb8/fast] Error 2

File /home/doutorado/gzuav-0.2/CMakeFiles/CMakeTmp/CheckSymbolExists.c:
/* */
#include <pthread.h>

int main(int argc, char** argv)
{
  (void)argv;
#ifndef pthread_create
  return ((int*)(&pthread_create))[argc];
#else
  (void)argc;
  return 0;
#endif
}

Determining if the function pthread_create exists in the pthreads failed with the following output:
Change Dir: /home/doutorado/gzuav-0.2/CMakeFiles/CMakeTmp

Run Build Command:"/usr/bin/make" "cmTC_af27f/fast"
/usr/bin/make -f CMakeFiles/cmTC_af27f.dir/build.make CMakeFiles/cmTC_af27f.dir/build
make[1]: Entering directory '/home/doutorado/gzuav-0.2/CMakeFiles/CMakeTmp'
Building C object CMakeFiles/cmTC_af27f.dir/CheckFunctionExists.c.o
/usr/bin/cc   -DCHECK_FUNCTION_EXISTS=pthread_create   -o CMakeFiles/cmTC_af27f.dir/CheckFunctionExists.c.o   -c /usr/local/share/cmake-3.13/Modules/CheckFunctionExists.c
Linking C executable cmTC_af27f
/usr/local/bin/cmake -E cmake_link_script CMakeFiles/cmTC_af27f.dir/link.txt --verbose=1
/usr/bin/cc  -DCHECK_FUNCTION_EXISTS=pthread_create    CMakeFiles/cmTC_af27f.dir/CheckFunctionExists.c.o  -o cmTC_af27f -lpthreads 
/usr/bin/ld: não foi possível localizar -lpthreads
collect2: error: ld returned 1 exit status
CMakeFiles/cmTC_af27f.dir/build.make:86: recipe for target 'cmTC_af27f' failed
make[1]: *** [cmTC_af27f] Error 1
make[1]: Leaving directory '/home/doutorado/gzuav-0.2/CMakeFiles/CMakeTmp'
Makefile:121: recipe for target 'cmTC_af27f/fast' failed
make: *** [cmTC_af27f/fast] Error 2


Determining if the pthread_create exist failed with the following output:
Change Dir: /home/doutorado/HetMUAVNet/CMakeFiles/CMakeTmp

Run Build Command:"/usr/bin/make" "cmTC_44fef/fast"
/usr/bin/make -f CMakeFiles/cmTC_44fef.dir/build.make CMakeFiles/cmTC_44fef.dir/build
make[1]: Entering directory '/home/doutorado/HetMUAVNet/CMakeFiles/CMakeTmp'
Building C object CMakeFiles/cmTC_44fef.dir/CheckSymbolExists.c.o
/usr/bin/cc    -o CMakeFiles/cmTC_44fef.dir/CheckSymbolExists.c.o   -c /home/doutorado/HetMUAVNet/CMakeFiles/CMakeTmp/CheckSymbolExists.c
Linking C executable cmTC_44fef
/usr/local/bin/cmake -E cmake_link_script CMakeFiles/cmTC_44fef.dir/link.txt --verbose=1
/usr/bin/cc      CMakeFiles/cmTC_44fef.dir/CheckSymbolExists.c.o  -o cmTC_44fef 
CMakeFiles/cmTC_44fef.dir/CheckSymbolExists.c.o: Na função "main":
CheckSymbolExists.c:(.text+0x1b): referência não definida para "pthread_create"
collect2: error: ld returned 1 exit status
CMakeFiles/cmTC_44fef.dir/build.make:86: recipe for target 'cmTC_44fef' failed
make[1]: *** [cmTC_44fef] Error 1
make[1]: Leaving directory '/home/doutorado/HetMUAVNet/CMakeFiles/CMakeTmp'
Makefile:121: recipe for target 'cmTC_44fef/fast' failed
make: *** [cmTC_44fef/fast] Error 2

File /home/doutorado/HetMUAVNet/CMakeFiles/CMakeTmp/CheckSymbolExists.c:
/* */
#include <pthread.h>

int main(int argc, char** argv)
{
  (void)argv;
#ifndef pthread_create
  return ((int*)(&pthread_create))[argc];
#else
  (void)argc;
  return 0;
#endif
}

Determining if the function pthread_create exists in the pthreads failed with the following output:
Change Dir: /home/doutorado/HetMUAVNet/CMakeFiles/CMakeTmp

Run Build Command:"/usr/bin/make" "cmTC_6809e/fast"
/usr/bin/make -f CMakeFiles/cmTC_6809e.dir/build.make CMakeFiles/cmTC_6809e.dir/build
make[1]: Entering directory '/home/doutorado/HetMUAVNet/CMakeFiles/CMakeTmp'
Building C object CMakeFiles/cmTC_6809e.dir/CheckFunctionExists.c.o
/usr/bin/cc   -DCHECK_FUNCTION_EXISTS=pthread_create   -o CMakeFiles/cmTC_6809e.dir/CheckFunctionExists.c.o   -c /usr/local/share/cmake-3.13/Modules/CheckFunctionExists.c
Linking C executable cmTC_6809e
/usr/local/bin/cmake -E cmake_link_script CMakeFiles/cmTC_6809e.dir/link.txt --verbose=1
/usr/bin/cc  -DCHECK_FUNCTION_EXISTS=pthread_create    CMakeFiles/cmTC_6809e.dir/CheckFunctionExists.c.o  -o cmTC_6809e -lpthreads 
/usr/bin/ld: não foi possível localizar -lpthreads
collect2: error: ld returned 1 exit status
CMakeFiles/cmTC_6809e.dir/build.make:86: recipe for target 'cmTC_6809e' failed
make[1]: *** [cmTC_6809e] Error 1
make[1]: Leaving directory '/home/doutorado/HetMUAVNet/CMakeFiles/CMakeTmp'
Makefile:121: recipe for target 'cmTC_6809e/fast' failed
make: *** [cmTC_6809e/fast] Error 2


